<?xml version="1.0" encoding="UTF-8"?>
<testsuite xmlns:xsi="http://www.w3.org/2001/XMLSchema-instance" xsi:noNamespaceSchemaLocation="https://maven.apache.org/surefire/maven-surefire-plugin/xsd/surefire-test-report.xsd" name="clinic.steps.AcceptanceTest" time="15.562" tests="29" errors="0" skipped="0" failures="0">
  <properties>
[...]
</properties>
  <testcase name="Patient can login" classname="Login #1" time="0.42"/>
  <testcase name="Patient cannot login" classname="Login #1" time="0.033"/>
  <testcase name="Admin can login" classname="Login #1" time="0.036"/>
  <testcase name="Admin cannot login" classname="Login #1" time="0.026"/>
  <testcase name="Credentials do not match with an admin&apos;s nor a patient&apos;s" classname="Login #1" time="0.023"/>
  <testcase name="Patient can login -&gt; gui" classname="Login #2" time="3.556"/>
  <testcase name="Patient cannot login -&gt; gui" classname="Login #2" time="2.158"/>
  <testcase name="Admin can login -&gt; gui" classname="Login #2" time="2.112"/>
  <testcase name="Admin cannot login -&gt; gui" classname="Login #2" time="2.292"/>
  <testcase name="Credentials do not match with an admin&apos;s nor a patient&apos;s -&gt; gui" classname="Login #2" time="2.433"/>
  <testcase name="The sign up is successful" classname="Sign up" time="0.016"/>
  <testcase name="The sign up is unsuccessful" classname="Sign up" time="0.017"/>
  <testcase name="Can add a service" classname="Admin add a service to the clinic" time="0.024"/>
  <testcase name="Can not add a service" classname="Admin add a service to the clinic" time="0.019"/>
  <testcase name="Add an appointement successfully" classname="Add Appointement to clinic system" time="0.019"/>
  <testcase name="Add an appointement unsuccessfully" classname="Add Appointement to clinic system" time="0.029"/>
  <testcase name="Patient can choose the service" classname="Patient add a service to his appointment" time="0.017"/>
  <testcase name="The patient&apos;s appointment turns into a visit" classname="Visits" time="0.041"/>
  <testcase name="edit a date or time of appointement successfully" classname="Edit Appointement to clinic system" time="0.019"/>
  <testcase name="edit a date or time of appointement unsuccessfully" classname="Edit Appointement to clinic system" time="0.02"/>
  <testcase name="Patient can add an invoice successfully" classname="Patient add invoice" time="0.014"/>
  <testcase name="Patient can not add invoice successfully" classname="Patient add invoice" time="0.015"/>
  <testcase name="Patient can not add invoice" classname="Patient add invoice" time="0.015"/>
  <testcase name="remove a date or time of appointement successfully" classname="Remove Appointement to clinic system" time="0.016"/>
  <testcase name="remove a date or time of appointement unsuccessfully" classname="Remove Appointement to clinic system" time="0.016"/>
  <testcase name="Admin can generate patients&apos; names report with their appointments details" classname="Admin generates reports" time="0.048"/>
  <testcase name="Admin can display services and the team" classname="Admin generates reports" time="0.032"/>
  <testcase name="User can logout" classname="Logout" time="0.016"/>
  <testcase name="User cannot logout" classname="Logout" time="0.01"/>
</testsuite>